
*** Running vivado
    with args -log Main.vds -m64 -product Vivado -mode batch -messageDb vivado.pb -notrace -source Main.tcl



****** Vivado v2021.2 (64-bit)
  **** SW Build 3367213 on Tue Oct 19 02:48:09 MDT 2021
  **** IP Build 3369179 on Thu Oct 21 08:25:16 MDT 2021
    ** Copyright 1986-2021 Xilinx, Inc. All Rights Reserved.

source Main.tcl -notrace
Command: read_checkpoint -auto_incremental -incremental D:/PSNNN/project_6/project_6.srcs/utils_1/imports/synth_1/Main.dcp
INFO: [Vivado 12-5825] Read reference checkpoint from D:/PSNNN/project_6/project_6.srcs/utils_1/imports/synth_1/Main.dcp for incremental synthesis
INFO: [Vivado 12-7989] Please ensure there are no constraint changes
Command: synth_design -top Main -part xa7a35tcpg236-1I
Starting synth_design
Attempting to get a license for feature 'Synthesis' and/or device 'xa7a35t'
INFO: [Common 17-349] Got license for feature 'Synthesis' and/or device 'xa7a35t'
INFO: [Device 21-403] Loading part xa7a35tcpg236-1I
WARNING: [Designutils 20-4072] Reference run did not run incremental synthesis because the design is too small; reverting to default synthesis
INFO: [Designutils 20-4379] Flow is switching to default flow due to incremental criteria not met. If you would like to alter this behaviour and have the flow terminate instead, please set the following parameter config_implementation {autoIncr.Synth.RejectBehavior Terminate}
INFO: [Synth 8-7079] Multithreading enabled for synth_design using a maximum of 2 processes.
INFO: [Synth 8-7078] Launching helper process for spawning children vivado processes
INFO: [Synth 8-7075] Helper process launched with PID 4672
---------------------------------------------------------------------------------
Starting RTL Elaboration : Time (s): cpu = 00:00:06 ; elapsed = 00:00:06 . Memory (MB): peak = 1256.352 ; gain = 0.000
---------------------------------------------------------------------------------
INFO: [Synth 8-638] synthesizing module 'Main' [D:/PSNNN/project_6/project_6.srcs/sources_1/new/Main.vhd:38]
INFO: [Synth 8-3491] module 'Debouncer' declared at 'D:/PSNNN/project_6/project_6.srcs/sources_1/new/Debouncer.vhd:28' bound to instance 'bt1' of component 'Debouncer' [D:/PSNNN/project_6/project_6.srcs/sources_1/new/Main.vhd:215]
INFO: [Synth 8-638] synthesizing module 'Debouncer' [D:/PSNNN/project_6/project_6.srcs/sources_1/new/Debouncer.vhd:32]
INFO: [Synth 8-256] done synthesizing module 'Debouncer' (1#1) [D:/PSNNN/project_6/project_6.srcs/sources_1/new/Debouncer.vhd:32]
INFO: [Synth 8-3491] module 'Debouncer' declared at 'D:/PSNNN/project_6/project_6.srcs/sources_1/new/Debouncer.vhd:28' bound to instance 'bt2' of component 'Debouncer' [D:/PSNNN/project_6/project_6.srcs/sources_1/new/Main.vhd:216]
INFO: [Synth 8-3491] module 'Debouncer' declared at 'D:/PSNNN/project_6/project_6.srcs/sources_1/new/Debouncer.vhd:28' bound to instance 'bt3' of component 'Debouncer' [D:/PSNNN/project_6/project_6.srcs/sources_1/new/Main.vhd:217]
INFO: [Synth 8-3491] module 'Debouncer' declared at 'D:/PSNNN/project_6/project_6.srcs/sources_1/new/Debouncer.vhd:28' bound to instance 'bt4' of component 'Debouncer' [D:/PSNNN/project_6/project_6.srcs/sources_1/new/Main.vhd:218]
INFO: [Synth 8-3491] module 'Nr_Apasari' declared at 'D:/PSNNN/project_6/project_6.srcs/sources_1/new/Nr_Apasari.vhd:28' bound to instance 'Apas_Ad' of component 'Nr_Apasari' [D:/PSNNN/project_6/project_6.srcs/sources_1/new/Main.vhd:220]
INFO: [Synth 8-638] synthesizing module 'Nr_Apasari' [D:/PSNNN/project_6/project_6.srcs/sources_1/new/Nr_Apasari.vhd:33]
INFO: [Synth 8-256] done synthesizing module 'Nr_Apasari' (2#1) [D:/PSNNN/project_6/project_6.srcs/sources_1/new/Nr_Apasari.vhd:33]
INFO: [Synth 8-3491] module 'Numaratorr' declared at 'D:/PSNNN/project_6/project_6.srcs/sources_1/new/Numaratorr.vhd:8' bound to instance 'Numar1' of component 'Numaratorr' [D:/PSNNN/project_6/project_6.srcs/sources_1/new/Main.vhd:222]
INFO: [Synth 8-638] synthesizing module 'Numaratorr' [D:/PSNNN/project_6/project_6.srcs/sources_1/new/Numaratorr.vhd:20]
INFO: [Synth 8-256] done synthesizing module 'Numaratorr' (3#1) [D:/PSNNN/project_6/project_6.srcs/sources_1/new/Numaratorr.vhd:20]
INFO: [Synth 8-3491] module 'Numaratorr2' declared at 'D:/PSNNN/project_6/project_6.srcs/sources_1/new/Numaratorr2.vhd:7' bound to instance 'Numar2' of component 'Numaratorr2' [D:/PSNNN/project_6/project_6.srcs/sources_1/new/Main.vhd:223]
INFO: [Synth 8-638] synthesizing module 'Numaratorr2' [D:/PSNNN/project_6/project_6.srcs/sources_1/new/Numaratorr2.vhd:19]
INFO: [Synth 8-256] done synthesizing module 'Numaratorr2' (4#1) [D:/PSNNN/project_6/project_6.srcs/sources_1/new/Numaratorr2.vhd:19]
INFO: [Synth 8-3491] module 'Numaratorr3' declared at 'D:/PSNNN/project_6/project_6.srcs/sources_1/new/Numarator3.vhd:7' bound to instance 'Numar3' of component 'Numaratorr3' [D:/PSNNN/project_6/project_6.srcs/sources_1/new/Main.vhd:224]
INFO: [Synth 8-638] synthesizing module 'Numaratorr3' [D:/PSNNN/project_6/project_6.srcs/sources_1/new/Numarator3.vhd:20]
WARNING: [Synth 8-3848] Net semnal in module/entity Numaratorr3 does not have driver. [D:/PSNNN/project_6/project_6.srcs/sources_1/new/Numarator3.vhd:12]
INFO: [Synth 8-256] done synthesizing module 'Numaratorr3' (5#1) [D:/PSNNN/project_6/project_6.srcs/sources_1/new/Numarator3.vhd:20]
INFO: [Synth 8-3491] module 'Numaratorr4' declared at 'D:/PSNNN/project_6/project_6.srcs/sources_1/new/Numaratorr4.vhd:15' bound to instance 'Numar4' of component 'Numaratorr4' [D:/PSNNN/project_6/project_6.srcs/sources_1/new/Main.vhd:227]
INFO: [Synth 8-638] synthesizing module 'Numaratorr4' [D:/PSNNN/project_6/project_6.srcs/sources_1/new/Numaratorr4.vhd:26]
INFO: [Synth 8-256] done synthesizing module 'Numaratorr4' (6#1) [D:/PSNNN/project_6/project_6.srcs/sources_1/new/Numaratorr4.vhd:26]
INFO: [Synth 8-3491] module 'Numaratorr5' declared at 'D:/PSNNN/project_6/project_6.srcs/sources_1/new/Numaratorr5.vhd:8' bound to instance 'Numar5' of component 'Numaratorr5' [D:/PSNNN/project_6/project_6.srcs/sources_1/new/Main.vhd:228]
INFO: [Synth 8-638] synthesizing module 'Numaratorr5' [D:/PSNNN/project_6/project_6.srcs/sources_1/new/Numaratorr5.vhd:19]
INFO: [Synth 8-256] done synthesizing module 'Numaratorr5' (7#1) [D:/PSNNN/project_6/project_6.srcs/sources_1/new/Numaratorr5.vhd:19]
INFO: [Synth 8-3491] module 'Numaratorr6' declared at 'D:/PSNNN/project_6/project_6.srcs/sources_1/new/Numaratorr6.vhd:8' bound to instance 'Numar6' of component 'Numaratorr6' [D:/PSNNN/project_6/project_6.srcs/sources_1/new/Main.vhd:229]
INFO: [Synth 8-638] synthesizing module 'Numaratorr6' [D:/PSNNN/project_6/project_6.srcs/sources_1/new/Numaratorr6.vhd:19]
INFO: [Synth 8-256] done synthesizing module 'Numaratorr6' (8#1) [D:/PSNNN/project_6/project_6.srcs/sources_1/new/Numaratorr6.vhd:19]
INFO: [Synth 8-3491] module 'Registru_mem' declared at 'D:/PSNNN/project_6/project_6.srcs/sources_1/new/Registru_mem_11.vhd:27' bound to instance 'Registru1' of component 'Registru_mem' [D:/PSNNN/project_6/project_6.srcs/sources_1/new/Main.vhd:232]
INFO: [Synth 8-638] synthesizing module 'Registru_mem' [D:/PSNNN/project_6/project_6.srcs/sources_1/new/Registru_mem_11.vhd:36]
INFO: [Synth 8-256] done synthesizing module 'Registru_mem' (9#1) [D:/PSNNN/project_6/project_6.srcs/sources_1/new/Registru_mem_11.vhd:36]
INFO: [Synth 8-3491] module 'Registru_mem2' declared at 'D:/PSNNN/project_6/project_6.srcs/sources_1/new/Registru_mem1.vhd:34' bound to instance 'Registru2' of component 'Registru_mem2' [D:/PSNNN/project_6/project_6.srcs/sources_1/new/Main.vhd:233]
INFO: [Synth 8-638] synthesizing module 'Registru_mem2' [D:/PSNNN/project_6/project_6.srcs/sources_1/new/Registru_mem1.vhd:43]
INFO: [Synth 8-256] done synthesizing module 'Registru_mem2' (10#1) [D:/PSNNN/project_6/project_6.srcs/sources_1/new/Registru_mem1.vhd:43]
INFO: [Synth 8-3491] module 'Registru_mem3' declared at 'D:/PSNNN/project_6/project_6.srcs/sources_1/new/Registru_mem_1.vhd:34' bound to instance 'Registru3' of component 'Registru_mem3' [D:/PSNNN/project_6/project_6.srcs/sources_1/new/Main.vhd:234]
INFO: [Synth 8-638] synthesizing module 'Registru_mem3' [D:/PSNNN/project_6/project_6.srcs/sources_1/new/Registru_mem_1.vhd:43]
INFO: [Synth 8-256] done synthesizing module 'Registru_mem3' (11#1) [D:/PSNNN/project_6/project_6.srcs/sources_1/new/Registru_mem_1.vhd:43]
INFO: [Synth 8-3491] module 'Registru_mem4' declared at 'D:/PSNNN/project_6/project_6.srcs/sources_1/new/Registru4.vhd:34' bound to instance 'Registru4' of component 'Registru_mem4' [D:/PSNNN/project_6/project_6.srcs/sources_1/new/Main.vhd:236]
INFO: [Synth 8-638] synthesizing module 'Registru_mem4' [D:/PSNNN/project_6/project_6.srcs/sources_1/new/Registru4.vhd:43]
INFO: [Synth 8-256] done synthesizing module 'Registru_mem4' (12#1) [D:/PSNNN/project_6/project_6.srcs/sources_1/new/Registru4.vhd:43]
INFO: [Synth 8-3491] module 'Registru_mem5' declared at 'D:/PSNNN/project_6/project_6.srcs/sources_1/new/Registru_mem5.vhd:34' bound to instance 'Registru5' of component 'Registru_mem5' [D:/PSNNN/project_6/project_6.srcs/sources_1/new/Main.vhd:237]
INFO: [Synth 8-638] synthesizing module 'Registru_mem5' [D:/PSNNN/project_6/project_6.srcs/sources_1/new/Registru_mem5.vhd:43]
INFO: [Synth 8-256] done synthesizing module 'Registru_mem5' (13#1) [D:/PSNNN/project_6/project_6.srcs/sources_1/new/Registru_mem5.vhd:43]
INFO: [Synth 8-3491] module 'Registru_mem6' declared at 'D:/PSNNN/project_6/project_6.srcs/sources_1/new/Registru_mem6.vhd:34' bound to instance 'Registru6' of component 'Registru_mem6' [D:/PSNNN/project_6/project_6.srcs/sources_1/new/Main.vhd:238]
INFO: [Synth 8-638] synthesizing module 'Registru_mem6' [D:/PSNNN/project_6/project_6.srcs/sources_1/new/Registru_mem6.vhd:43]
INFO: [Synth 8-256] done synthesizing module 'Registru_mem6' (14#1) [D:/PSNNN/project_6/project_6.srcs/sources_1/new/Registru_mem6.vhd:43]
INFO: [Synth 8-3491] module 'COMPARATOR_4BITI' declared at 'D:/PSNNN/project_6/project_6.srcs/sources_1/new/Comparator_4_biti_bun.vhd:4' bound to instance 'C1' of component 'COMPARATOR_4BITI' [D:/PSNNN/project_6/project_6.srcs/sources_1/new/Main.vhd:240]
INFO: [Synth 8-638] synthesizing module 'COMPARATOR_4BITI' [D:/PSNNN/project_6/project_6.srcs/sources_1/new/Comparator_4_biti_bun.vhd:11]
INFO: [Synth 8-3491] module 'COMPARATOR_2BITI' declared at 'D:/PSNNN/project_6/project_6.srcs/sources_1/new/Comparator_2biti_bun.vhd:4' bound to instance 'U1' of component 'COMPARATOR_2BITI' [D:/PSNNN/project_6/project_6.srcs/sources_1/new/Comparator_4_biti_bun.vhd:20]
INFO: [Synth 8-638] synthesizing module 'COMPARATOR_2BITI' [D:/PSNNN/project_6/project_6.srcs/sources_1/new/Comparator_2biti_bun.vhd:13]
INFO: [Synth 8-256] done synthesizing module 'COMPARATOR_2BITI' (15#1) [D:/PSNNN/project_6/project_6.srcs/sources_1/new/Comparator_2biti_bun.vhd:13]
INFO: [Synth 8-3491] module 'COMPARATOR_2BITI' declared at 'D:/PSNNN/project_6/project_6.srcs/sources_1/new/Comparator_2biti_bun.vhd:4' bound to instance 'U2' of component 'COMPARATOR_2BITI' [D:/PSNNN/project_6/project_6.srcs/sources_1/new/Comparator_4_biti_bun.vhd:21]
INFO: [Synth 8-256] done synthesizing module 'COMPARATOR_4BITI' (16#1) [D:/PSNNN/project_6/project_6.srcs/sources_1/new/Comparator_4_biti_bun.vhd:11]
INFO: [Synth 8-3491] module 'COMPARATOR_4BITI' declared at 'D:/PSNNN/project_6/project_6.srcs/sources_1/new/Comparator_4_biti_bun.vhd:4' bound to instance 'C2' of component 'COMPARATOR_4BITI' [D:/PSNNN/project_6/project_6.srcs/sources_1/new/Main.vhd:241]
INFO: [Synth 8-3491] module 'COMPARATOR_4BITI' declared at 'D:/PSNNN/project_6/project_6.srcs/sources_1/new/Comparator_4_biti_bun.vhd:4' bound to instance 'C3' of component 'COMPARATOR_4BITI' [D:/PSNNN/project_6/project_6.srcs/sources_1/new/Main.vhd:242]
INFO: [Synth 8-3491] module 'and_3' declared at 'D:/PSNNN/project_6/project_6.srcs/sources_1/new/and_3.vhd:26' bound to instance 'And3' of component 'and_3' [D:/PSNNN/project_6/project_6.srcs/sources_1/new/Main.vhd:244]
INFO: [Synth 8-638] synthesizing module 'and_3' [D:/PSNNN/project_6/project_6.srcs/sources_1/new/and_3.vhd:33]
INFO: [Synth 8-256] done synthesizing module 'and_3' (17#1) [D:/PSNNN/project_6/project_6.srcs/sources_1/new/and_3.vhd:33]
INFO: [Synth 8-3491] module 'SSD_1' declared at 'D:/PSNNN/project_6/project_6.srcs/sources_1/new/SSD_1.vhd:36' bound to instance 'P1' of component 'SSD_1' [D:/PSNNN/project_6/project_6.srcs/sources_1/new/Main.vhd:247]
INFO: [Synth 8-638] synthesizing module 'SSD_1' [D:/PSNNN/project_6/project_6.srcs/sources_1/new/SSD_1.vhd:47]
WARNING: [Synth 8-614] signal 'reset' is read in the process but is not in the sensitivity list [D:/PSNNN/project_6/project_6.srcs/sources_1/new/SSD_1.vhd:52]
WARNING: [Synth 8-614] signal 'aux' is read in the process but is not in the sensitivity list [D:/PSNNN/project_6/project_6.srcs/sources_1/new/SSD_1.vhd:60]
WARNING: [Synth 8-614] signal 'digit0' is read in the process but is not in the sensitivity list [D:/PSNNN/project_6/project_6.srcs/sources_1/new/SSD_1.vhd:60]
WARNING: [Synth 8-614] signal 'digit1' is read in the process but is not in the sensitivity list [D:/PSNNN/project_6/project_6.srcs/sources_1/new/SSD_1.vhd:60]
WARNING: [Synth 8-614] signal 'digit2' is read in the process but is not in the sensitivity list [D:/PSNNN/project_6/project_6.srcs/sources_1/new/SSD_1.vhd:60]
WARNING: [Synth 8-614] signal 'digit3' is read in the process but is not in the sensitivity list [D:/PSNNN/project_6/project_6.srcs/sources_1/new/SSD_1.vhd:60]
WARNING: [Synth 8-614] signal 'aux' is read in the process but is not in the sensitivity list [D:/PSNNN/project_6/project_6.srcs/sources_1/new/SSD_1.vhd:71]
INFO: [Synth 8-256] done synthesizing module 'SSD_1' (18#1) [D:/PSNNN/project_6/project_6.srcs/sources_1/new/SSD_1.vhd:47]
INFO: [Synth 8-3491] module 'SSD_2' declared at 'D:/PSNNN/project_6/project_6.srcs/sources_1/new/SS2_2.vhd:36' bound to instance 'P2' of component 'SSD_2' [D:/PSNNN/project_6/project_6.srcs/sources_1/new/Main.vhd:248]
INFO: [Synth 8-638] synthesizing module 'SSD_2' [D:/PSNNN/project_6/project_6.srcs/sources_1/new/SS2_2.vhd:47]
WARNING: [Synth 8-614] signal 'aux' is read in the process but is not in the sensitivity list [D:/PSNNN/project_6/project_6.srcs/sources_1/new/SS2_2.vhd:59]
WARNING: [Synth 8-614] signal 'digit0' is read in the process but is not in the sensitivity list [D:/PSNNN/project_6/project_6.srcs/sources_1/new/SS2_2.vhd:59]
WARNING: [Synth 8-614] signal 'digit1' is read in the process but is not in the sensitivity list [D:/PSNNN/project_6/project_6.srcs/sources_1/new/SS2_2.vhd:59]
WARNING: [Synth 8-614] signal 'digit2' is read in the process but is not in the sensitivity list [D:/PSNNN/project_6/project_6.srcs/sources_1/new/SS2_2.vhd:59]
WARNING: [Synth 8-614] signal 'digit3' is read in the process but is not in the sensitivity list [D:/PSNNN/project_6/project_6.srcs/sources_1/new/SS2_2.vhd:59]
WARNING: [Synth 8-614] signal 'aux' is read in the process but is not in the sensitivity list [D:/PSNNN/project_6/project_6.srcs/sources_1/new/SS2_2.vhd:70]
INFO: [Synth 8-256] done synthesizing module 'SSD_2' (19#1) [D:/PSNNN/project_6/project_6.srcs/sources_1/new/SS2_2.vhd:47]
WARNING: [Synth 8-614] signal 'Anozis1' is read in the process but is not in the sensitivity list [D:/PSNNN/project_6/project_6.srcs/sources_1/new/Main.vhd:258]
WARNING: [Synth 8-614] signal 'Catozis1' is read in the process but is not in the sensitivity list [D:/PSNNN/project_6/project_6.srcs/sources_1/new/Main.vhd:258]
WARNING: [Synth 8-614] signal 'cresc' is read in the process but is not in the sensitivity list [D:/PSNNN/project_6/project_6.srcs/sources_1/new/Main.vhd:258]
WARNING: [Synth 8-614] signal 'Anozis2' is read in the process but is not in the sensitivity list [D:/PSNNN/project_6/project_6.srcs/sources_1/new/Main.vhd:258]
WARNING: [Synth 8-614] signal 'Catozis2' is read in the process but is not in the sensitivity list [D:/PSNNN/project_6/project_6.srcs/sources_1/new/Main.vhd:258]
WARNING: [Synth 8-614] signal 'semnal_egalitate' is read in the process but is not in the sensitivity list [D:/PSNNN/project_6/project_6.srcs/sources_1/new/Main.vhd:258]
WARNING: [Synth 8-3848] Net Val24 in module/entity Main does not have driver. [D:/PSNNN/project_6/project_6.srcs/sources_1/new/Main.vhd:197]
INFO: [Synth 8-256] done synthesizing module 'Main' (20#1) [D:/PSNNN/project_6/project_6.srcs/sources_1/new/Main.vhd:38]
WARNING: [Synth 8-7129] Port Nr_Apas[3] in module SSD_2 is either unconnected or has no load
WARNING: [Synth 8-7129] Port Nr_Apas[2] in module SSD_2 is either unconnected or has no load
WARNING: [Synth 8-7129] Port Nr_Apas[1] in module SSD_2 is either unconnected or has no load
WARNING: [Synth 8-7129] Port Nr_Apas[0] in module SSD_2 is either unconnected or has no load
WARNING: [Synth 8-7129] Port Nr_Apas[3] in module SSD_1 is either unconnected or has no load
WARNING: [Synth 8-7129] Port Nr_Apas[2] in module SSD_1 is either unconnected or has no load
WARNING: [Synth 8-7129] Port Nr_Apas[1] in module SSD_1 is either unconnected or has no load
WARNING: [Synth 8-7129] Port Nr_Apas[0] in module SSD_1 is either unconnected or has no load
WARNING: [Synth 8-7129] Port RESET in module Numaratorr6 is either unconnected or has no load
WARNING: [Synth 8-7129] Port Ad_Cifru in module Numaratorr6 is either unconnected or has no load
WARNING: [Synth 8-7129] Port RESET in module Numaratorr5 is either unconnected or has no load
WARNING: [Synth 8-7129] Port Ad_Cifru in module Numaratorr5 is either unconnected or has no load
WARNING: [Synth 8-7129] Port RESET in module Numaratorr4 is either unconnected or has no load
WARNING: [Synth 8-7129] Port Ad_Cifru in module Numaratorr4 is either unconnected or has no load
WARNING: [Synth 8-7129] Port semnal in module Numaratorr3 is either unconnected or has no load
WARNING: [Synth 8-7129] Port Ad_Cifru in module Numaratorr3 is either unconnected or has no load
WARNING: [Synth 8-7129] Port Ad_Cifru in module Numaratorr2 is either unconnected or has no load
WARNING: [Synth 8-7129] Port Ad_Cifru in module Numaratorr is either unconnected or has no load
---------------------------------------------------------------------------------
Finished RTL Elaboration : Time (s): cpu = 00:00:07 ; elapsed = 00:00:08 . Memory (MB): peak = 1256.352 ; gain = 0.000
---------------------------------------------------------------------------------
---------------------------------------------------------------------------------
Start Handling Custom Attributes
---------------------------------------------------------------------------------
---------------------------------------------------------------------------------
Finished Handling Custom Attributes : Time (s): cpu = 00:00:08 ; elapsed = 00:00:08 . Memory (MB): peak = 1256.352 ; gain = 0.000
---------------------------------------------------------------------------------
---------------------------------------------------------------------------------
Finished RTL Optimization Phase 1 : Time (s): cpu = 00:00:08 ; elapsed = 00:00:08 . Memory (MB): peak = 1256.352 ; gain = 0.000
---------------------------------------------------------------------------------
Netlist sorting complete. Time (s): cpu = 00:00:00 ; elapsed = 00:00:00.008 . Memory (MB): peak = 1256.352 ; gain = 0.000
INFO: [Project 1-570] Preparing netlist for logic optimization

Processing XDC Constraints
Initializing timing engine
Parsing XDC File [D:/PSNNN/project_6/project_6.srcs/constrs_1/new/Constrangeri.xdc]
Finished Parsing XDC File [D:/PSNNN/project_6/project_6.srcs/constrs_1/new/Constrangeri.xdc]
INFO: [Project 1-236] Implementation specific constraints were found while reading constraint file [D:/PSNNN/project_6/project_6.srcs/constrs_1/new/Constrangeri.xdc]. These constraints will be ignored for synthesis but will be used in implementation. Impacted constraints are listed in the file [.Xil/Main_propImpl.xdc].
Resolution: To avoid this warning, move constraints listed in [.Xil/Main_propImpl.xdc] to another XDC file and exclude this new file from synthesis with the used_in_synthesis property (File Properties dialog in GUI) and re-run elaboration/synthesis.
Completed Processing XDC Constraints

Netlist sorting complete. Time (s): cpu = 00:00:00 ; elapsed = 00:00:00 . Memory (MB): peak = 1256.352 ; gain = 0.000
INFO: [Project 1-111] Unisim Transformation Summary:
No Unisim elements were transformed.

Constraint Validation Runtime : Time (s): cpu = 00:00:00 ; elapsed = 00:00:00.003 . Memory (MB): peak = 1256.352 ; gain = 0.000
WARNING: [Designutils 20-4072] Reference run did not run incremental synthesis because the design is too small; reverting to default synthesis
INFO: [Designutils 20-4379] Flow is switching to default flow due to incremental criteria not met. If you would like to alter this behaviour and have the flow terminate instead, please set the following parameter config_implementation {autoIncr.Synth.RejectBehavior Terminate}
---------------------------------------------------------------------------------
Finished Constraint Validation : Time (s): cpu = 00:00:14 ; elapsed = 00:00:15 . Memory (MB): peak = 1256.352 ; gain = 0.000
---------------------------------------------------------------------------------
---------------------------------------------------------------------------------
Start Loading Part and Timing Information
---------------------------------------------------------------------------------
Loading part: xa7a35tcpg236-1I
---------------------------------------------------------------------------------
Finished Loading Part and Timing Information : Time (s): cpu = 00:00:14 ; elapsed = 00:00:15 . Memory (MB): peak = 1256.352 ; gain = 0.000
---------------------------------------------------------------------------------
---------------------------------------------------------------------------------
Start Applying 'set_property' XDC Constraints
---------------------------------------------------------------------------------
---------------------------------------------------------------------------------
Finished applying 'set_property' XDC Constraints : Time (s): cpu = 00:00:14 ; elapsed = 00:00:15 . Memory (MB): peak = 1256.352 ; gain = 0.000
---------------------------------------------------------------------------------
WARNING: [Synth 8-327] inferring latch for variable 'Introdu_Caractere_reg' [D:/PSNNN/project_6/project_6.srcs/sources_1/new/Main.vhd:264]
WARNING: [Synth 8-327] inferring latch for variable 'Liber_Ocupat_reg' [D:/PSNNN/project_6/project_6.srcs/sources_1/new/Main.vhd:265]
---------------------------------------------------------------------------------
Finished RTL Optimization Phase 2 : Time (s): cpu = 00:00:15 ; elapsed = 00:00:16 . Memory (MB): peak = 1256.352 ; gain = 0.000
---------------------------------------------------------------------------------
---------------------------------------------------------------------------------
Start RTL Component Statistics 
---------------------------------------------------------------------------------
Detailed RTL Component Info : 
+---Adders : 
	   2 Input    4 Bit       Adders := 14    
+---XORs : 
	   2 Input      1 Bit         XORs := 12    
+---Registers : 
	                4 Bit    Registers := 17    
	                1 Bit    Registers := 12    
+---Muxes : 
	   5 Input    7 Bit        Muxes := 1     
	   2 Input    4 Bit        Muxes := 6     
	   4 Input    4 Bit        Muxes := 4     
	   5 Input    4 Bit        Muxes := 1     
	   2 Input    3 Bit        Muxes := 1     
	   2 Input    2 Bit        Muxes := 3     
	   2 Input    1 Bit        Muxes := 14    
---------------------------------------------------------------------------------
Finished RTL Component Statistics 
---------------------------------------------------------------------------------
---------------------------------------------------------------------------------
Start Part Resource Summary
---------------------------------------------------------------------------------
Part Resources:
DSPs: 90 (col length:60)
BRAMs: 100 (col length: RAMB18 60 RAMB36 30)
---------------------------------------------------------------------------------
Finished Part Resource Summary
---------------------------------------------------------------------------------
---------------------------------------------------------------------------------
Start Cross Boundary and Area Optimization
---------------------------------------------------------------------------------
WARNING: [Synth 8-7080] Parallel synthesis criteria is not met
WARNING: [Synth 8-7129] Port Anozi[3] in module Main is either unconnected or has no load
---------------------------------------------------------------------------------
Finished Cross Boundary and Area Optimization : Time (s): cpu = 00:00:18 ; elapsed = 00:00:19 . Memory (MB): peak = 1256.352 ; gain = 0.000
---------------------------------------------------------------------------------
---------------------------------------------------------------------------------
Start Applying XDC Timing Constraints
---------------------------------------------------------------------------------
---------------------------------------------------------------------------------
Finished Applying XDC Timing Constraints : Time (s): cpu = 00:00:23 ; elapsed = 00:00:24 . Memory (MB): peak = 1256.352 ; gain = 0.000
---------------------------------------------------------------------------------
---------------------------------------------------------------------------------
Start Timing Optimization
---------------------------------------------------------------------------------
---------------------------------------------------------------------------------
Finished Timing Optimization : Time (s): cpu = 00:00:23 ; elapsed = 00:00:24 . Memory (MB): peak = 1256.352 ; gain = 0.000
---------------------------------------------------------------------------------
---------------------------------------------------------------------------------
Start Technology Mapping
---------------------------------------------------------------------------------
---------------------------------------------------------------------------------
Finished Technology Mapping : Time (s): cpu = 00:00:23 ; elapsed = 00:00:25 . Memory (MB): peak = 1256.352 ; gain = 0.000
---------------------------------------------------------------------------------
---------------------------------------------------------------------------------
Start IO Insertion
---------------------------------------------------------------------------------
---------------------------------------------------------------------------------
Start Flattening Before IO Insertion
---------------------------------------------------------------------------------
---------------------------------------------------------------------------------
Finished Flattening Before IO Insertion
---------------------------------------------------------------------------------
---------------------------------------------------------------------------------
Start Final Netlist Cleanup
---------------------------------------------------------------------------------
---------------------------------------------------------------------------------
Finished Final Netlist Cleanup
---------------------------------------------------------------------------------
---------------------------------------------------------------------------------
Finished IO Insertion : Time (s): cpu = 00:00:28 ; elapsed = 00:00:29 . Memory (MB): peak = 1256.352 ; gain = 0.000
---------------------------------------------------------------------------------
---------------------------------------------------------------------------------
Start Renaming Generated Instances
---------------------------------------------------------------------------------
---------------------------------------------------------------------------------
Finished Renaming Generated Instances : Time (s): cpu = 00:00:28 ; elapsed = 00:00:29 . Memory (MB): peak = 1256.352 ; gain = 0.000
---------------------------------------------------------------------------------
---------------------------------------------------------------------------------
Start Rebuilding User Hierarchy
---------------------------------------------------------------------------------
---------------------------------------------------------------------------------
Finished Rebuilding User Hierarchy : Time (s): cpu = 00:00:28 ; elapsed = 00:00:29 . Memory (MB): peak = 1256.352 ; gain = 0.000
---------------------------------------------------------------------------------
---------------------------------------------------------------------------------
Start Renaming Generated Ports
---------------------------------------------------------------------------------
---------------------------------------------------------------------------------
Finished Renaming Generated Ports : Time (s): cpu = 00:00:28 ; elapsed = 00:00:29 . Memory (MB): peak = 1256.352 ; gain = 0.000
---------------------------------------------------------------------------------
---------------------------------------------------------------------------------
Start Handling Custom Attributes
---------------------------------------------------------------------------------
---------------------------------------------------------------------------------
Finished Handling Custom Attributes : Time (s): cpu = 00:00:28 ; elapsed = 00:00:29 . Memory (MB): peak = 1256.352 ; gain = 0.000
---------------------------------------------------------------------------------
---------------------------------------------------------------------------------
Start Renaming Generated Nets
---------------------------------------------------------------------------------
---------------------------------------------------------------------------------
Finished Renaming Generated Nets : Time (s): cpu = 00:00:28 ; elapsed = 00:00:29 . Memory (MB): peak = 1256.352 ; gain = 0.000
---------------------------------------------------------------------------------
---------------------------------------------------------------------------------
Start Writing Synthesis Report
---------------------------------------------------------------------------------

Report BlackBoxes: 
+-+--------------+----------+
| |BlackBox name |Instances |
+-+--------------+----------+
+-+--------------+----------+

Report Cell Usage: 
+------+-------+------+
|      |Cell   |Count |
+------+-------+------+
|1     |BUFG   |     1|
|2     |CARRY4 |     8|
|3     |LUT1   |    10|
|4     |LUT2   |    16|
|5     |LUT3   |     5|
|6     |LUT4   |    25|
|7     |LUT5   |    32|
|8     |LUT6   |    43|
|9     |FDCE   |    28|
|10    |FDRE   |    60|
|11    |LDCP   |     2|
|12    |IBUF   |     5|
|13    |OBUF   |    12|
|14    |OBUFT  |     1|
+------+-------+------+
---------------------------------------------------------------------------------
Finished Writing Synthesis Report : Time (s): cpu = 00:00:28 ; elapsed = 00:00:29 . Memory (MB): peak = 1256.352 ; gain = 0.000
---------------------------------------------------------------------------------
Synthesis finished with 0 errors, 0 critical warnings and 4 warnings.
Synthesis Optimization Runtime : Time (s): cpu = 00:00:18 ; elapsed = 00:00:27 . Memory (MB): peak = 1256.352 ; gain = 0.000
Synthesis Optimization Complete : Time (s): cpu = 00:00:28 ; elapsed = 00:00:29 . Memory (MB): peak = 1256.352 ; gain = 0.000
INFO: [Project 1-571] Translating synthesized netlist
Netlist sorting complete. Time (s): cpu = 00:00:00 ; elapsed = 00:00:00.002 . Memory (MB): peak = 1256.352 ; gain = 0.000
INFO: [Netlist 29-17] Analyzing 10 Unisim elements for replacement
INFO: [Netlist 29-28] Unisim Transformation completed in 0 CPU seconds
INFO: [Project 1-570] Preparing netlist for logic optimization
INFO: [Opt 31-138] Pushed 0 inverter(s) to 0 load pin(s).
Netlist sorting complete. Time (s): cpu = 00:00:00 ; elapsed = 00:00:00 . Memory (MB): peak = 1256.352 ; gain = 0.000
INFO: [Project 1-111] Unisim Transformation Summary:
  A total of 2 instances were transformed.
  LDCP => LDCP (GND, LDCE, LUT3(x2), VCC): 2 instances

Synth Design complete, checksum: 6b1d3163
INFO: [Common 17-83] Releasing license: Synthesis
84 Infos, 45 Warnings, 0 Critical Warnings and 0 Errors encountered.
synth_design completed successfully
synth_design: Time (s): cpu = 00:00:32 ; elapsed = 00:00:34 . Memory (MB): peak = 1256.352 ; gain = 0.000
INFO: [Common 17-1381] The checkpoint 'D:/PSNNN/project_6/project_6.runs/synth_1/Main.dcp' has been generated.
INFO: [runtcl-4] Executing : report_utilization -file Main_utilization_synth.rpt -pb Main_utilization_synth.pb
INFO: [Common 17-206] Exiting Vivado at Tue May 24 20:54:58 2022...
